Determining if the function wsyncup exists in the /usr/lib/x86_64-linux-gnu/libcurses.so passed with the following output:
Change Dir: /home/kk-1988/work/cpp_test/cmake-3.17.2/Source/Checks/Curses-build/CMakeFiles/CMakeTmp

Run Build Command(s):/usr/bin/make cmTC_7c38f/fast && make  -f CMakeFiles/cmTC_7c38f.dir/build.make CMakeFiles/cmTC_7c38f.dir/build
make[1]: Entering directory '/home/kk-1988/work/cpp_test/cmake-3.17.2/Source/Checks/Curses-build/CMakeFiles/CMakeTmp'
Building C object CMakeFiles/cmTC_7c38f.dir/CheckFunctionExists.c.o
/usr/bin/gcc   -DCHECK_FUNCTION_EXISTS=wsyncup   -o CMakeFiles/cmTC_7c38f.dir/CheckFunctionExists.c.o   -c /home/kk-1988/work/cpp_test/cmake-3.17.2/Modules/CheckFunctionExists.c
Linking C executable cmTC_7c38f
/home/kk-1988/work/cpp_test/cmake-3.17.2/Bootstrap.cmk/cmake -E cmake_link_script CMakeFiles/cmTC_7c38f.dir/link.txt --verbose=1
/usr/bin/gcc  -DCHECK_FUNCTION_EXISTS=wsyncup    -rdynamic CMakeFiles/cmTC_7c38f.dir/CheckFunctionExists.c.o  -o cmTC_7c38f  -lcurses 
make[1]: Leaving directory '/home/kk-1988/work/cpp_test/cmake-3.17.2/Source/Checks/Curses-build/CMakeFiles/CMakeTmp'



Determining if the function cbreak exists in the /usr/lib/x86_64-linux-gnu/libncurses.so passed with the following output:
Change Dir: /home/kk-1988/work/cpp_test/cmake-3.17.2/Source/Checks/Curses-build/CMakeFiles/CMakeTmp

Run Build Command(s):/usr/bin/make cmTC_9a843/fast && make  -f CMakeFiles/cmTC_9a843.dir/build.make CMakeFiles/cmTC_9a843.dir/build
make[1]: Entering directory '/home/kk-1988/work/cpp_test/cmake-3.17.2/Source/Checks/Curses-build/CMakeFiles/CMakeTmp'
Building C object CMakeFiles/cmTC_9a843.dir/CheckFunctionExists.c.o
/usr/bin/gcc   -DCHECK_FUNCTION_EXISTS=cbreak   -o CMakeFiles/cmTC_9a843.dir/CheckFunctionExists.c.o   -c /home/kk-1988/work/cpp_test/cmake-3.17.2/Modules/CheckFunctionExists.c
Linking C executable cmTC_9a843
/home/kk-1988/work/cpp_test/cmake-3.17.2/Bootstrap.cmk/cmake -E cmake_link_script CMakeFiles/cmTC_9a843.dir/link.txt --verbose=1
/usr/bin/gcc  -DCHECK_FUNCTION_EXISTS=cbreak    -rdynamic CMakeFiles/cmTC_9a843.dir/CheckFunctionExists.c.o  -o cmTC_9a843  -lncurses 
make[1]: Leaving directory '/home/kk-1988/work/cpp_test/cmake-3.17.2/Source/Checks/Curses-build/CMakeFiles/CMakeTmp'



